<?xml version="1.0" encoding="UTF-8"?>
<testng-results ignored="0" total="1" passed="1" failed="0" skipped="0">
  <reporter-output>
  </reporter-output>
  <suite started-at="2023-10-19T20:32:18 EET" name="Suite" finished-at="2023-10-19T20:34:32 EET" duration-ms="133704">
    <groups>
    </groups>
    <test started-at="2023-10-19T20:32:18 EET" name="Test" finished-at="2023-10-19T20:34:32 EET" duration-ms="133704">
      <class name="Tests.donationCycleTest">
        <test-method is-config="true" signature="setupSuite()[pri:0, instance:Tests.donationCycleTest@5386659f]" started-at="2023-10-19T20:32:04 EET" name="setupSuite" finished-at="2023-10-19T20:32:18 EET" duration-ms="14477" status="PASS">
          <reporter-output>
          </reporter-output>
        </test-method> <!-- setupSuite -->
        <test-method is-config="true" signature="beforeMethod(org.testng.ITestResult)[pri:0, instance:Tests.donationCycleTest@5386659f]" started-at="2023-10-19T20:32:18 EET" name="beforeMethod" finished-at="2023-10-19T20:32:24 EET" duration-ms="5828" status="PASS">
          <params>
            <param index="0">
              <value>
                <![CDATA[[TestResult name={null} status=CREATED method=donationCycleTest.donationCycle()[pri:0, instance:Tests.donationCycleTest@5386659f] output={null}]]]>
              </value>
            </param>
          </params>
          <reporter-output>
          </reporter-output>
        </test-method> <!-- beforeMethod -->
        <test-method signature="donationCycle()[pri:0, instance:Tests.donationCycleTest@5386659f]" started-at="2023-10-19T20:32:24 EET" name="donationCycle" description="This donation TC" finished-at="2023-10-19T20:34:30 EET" duration-ms="126244" status="PASS">
          <reporter-output>
          </reporter-output>
        </test-method> <!-- donationCycle -->
        <test-method is-config="true" signature="afterMethod(org.testng.ITestResult)[pri:0, instance:Tests.donationCycleTest@5386659f]" started-at="2023-10-19T20:34:30 EET" name="afterMethod" finished-at="2023-10-19T20:34:32 EET" duration-ms="1542" status="PASS">
          <params>
            <param index="0">
              <value>
                <![CDATA[[TestResult name=donationCycle status=SUCCESS method=donationCycleTest.donationCycle()[pri:0, instance:Tests.donationCycleTest@5386659f] output={null}]]]>
              </value>
            </param>
          </params>
          <reporter-output>
          </reporter-output>
        </test-method> <!-- afterMethod -->
        <test-method is-config="true" signature="afterSuite()[pri:0, instance:Tests.donationCycleTest@5386659f]" started-at="2023-10-19T20:34:32 EET" name="afterSuite" finished-at="2023-10-19T20:34:33 EET" duration-ms="726" status="PASS">
          <reporter-output>
          </reporter-output>
        </test-method> <!-- afterSuite -->
      </class> <!-- Tests.donationCycleTest -->
    </test> <!-- Test -->
  </suite> <!-- Suite -->
</testng-results>
